<?xml version="1.0" encoding="UTF-8"?>
<!-- Generated by org.testng.reporters.JUnitXMLReporter -->
<testsuite ignored="0" hostname="Madhu" failures="0" tests="12" name="AddEmployeeTest" time="6.59" errors="0" timestamp="2024-02-15T17:05:47 IST">
  <testcase classname="com.OrangeHRMApplication.BaseTest" name="@BeforeTest setUp" time="6.483">
    <failure type="org.openqa.selenium.NoSuchWindowException" message="no such window: target window already closed
from unknown error: web view not found
  (Session info: chrome=121.0.6167.161)
Build info: version: &amp;apos;3.141.59&amp;apos;, revision: &amp;apos;e82be7d358&amp;apos;, time: &amp;apos;2018-11-14T08:25:53&amp;apos;
System info: host: &amp;apos;MADHU&amp;apos;, ip: &amp;apos;192.168.0.197&amp;apos;, os.name: &amp;apos;Windows 11&amp;apos;, os.arch: &amp;apos;amd64&amp;apos;, os.version: &amp;apos;10.0&amp;apos;, java.version: &amp;apos;11.0.15&amp;apos;
Driver info: org.openqa.selenium.chrome.ChromeDriver
Capabilities {acceptInsecureCerts: false, browserName: chrome, browserVersion: 121.0.6167.161, chrome: {chromedriverVersion: 120.0.6099.109 (3419140ab66..., userDataDir: C:\Users\madhu\AppData\Loca...}, fedcm:accounts: true, goog:chromeOptions: {debuggerAddress: localhost:59410}, javascriptEnabled: true, networkConnectionEnabled: false, pageLoadStrategy: normal, platform: WINDOWS, platformName: WINDOWS, proxy: Proxy(), setWindowRect: true, strictFileInteractability: false, timeouts: {implicit: 0, pageLoad: 300000, script: 30000}, unhandledPromptBehavior: dismiss and notify, webauthn:extension:credBlob: true, webauthn:extension:largeBlob: true, webauthn:extension:minPinLength: true, webauthn:extension:prf: true, webauthn:virtualAuthenticators: true}
Session ID: 146235219d27659f55f4a868bb983094">
      <![CDATA[org.openqa.selenium.NoSuchWindowException: no such window: target window already closed
from unknown error: web view not found
  (Session info: chrome=121.0.6167.161)
Build info: version: '3.141.59', revision: 'e82be7d358', time: '2018-11-14T08:25:53'
System info: host: 'MADHU', ip: '192.168.0.197', os.name: 'Windows 11', os.arch: 'amd64', os.version: '10.0', java.version: '11.0.15'
Driver info: org.openqa.selenium.chrome.ChromeDriver
Capabilities {acceptInsecureCerts: false, browserName: chrome, browserVersion: 121.0.6167.161, chrome: {chromedriverVersion: 120.0.6099.109 (3419140ab66..., userDataDir: C:\Users\madhu\AppData\Loca...}, fedcm:accounts: true, goog:chromeOptions: {debuggerAddress: localhost:59410}, javascriptEnabled: true, networkConnectionEnabled: false, pageLoadStrategy: normal, platform: WINDOWS, platformName: WINDOWS, proxy: Proxy(), setWindowRect: true, strictFileInteractability: false, timeouts: {implicit: 0, pageLoad: 300000, script: 30000}, unhandledPromptBehavior: dismiss and notify, webauthn:extension:credBlob: true, webauthn:extension:largeBlob: true, webauthn:extension:minPinLength: true, webauthn:extension:prf: true, webauthn:virtualAuthenticators: true}
Session ID: 146235219d27659f55f4a868bb983094
at org.openqa.selenium.remote.http.W3CHttpResponseCodec.createException(W3CHttpResponseCodec.java:187)
at org.openqa.selenium.remote.http.W3CHttpResponseCodec.decode(W3CHttpResponseCodec.java:122)
at org.openqa.selenium.remote.http.W3CHttpResponseCodec.decode(W3CHttpResponseCodec.java:49)
at org.openqa.selenium.remote.HttpCommandExecutor.execute(HttpCommandExecutor.java:158)
at org.openqa.selenium.remote.service.DriverCommandExecutor.execute(DriverCommandExecutor.java:83)
at org.openqa.selenium.remote.RemoteWebDriver.execute(RemoteWebDriver.java:552)
at org.openqa.selenium.remote.RemoteWebDriver.execute(RemoteWebDriver.java:609)
at org.openqa.selenium.remote.RemoteWebDriver$RemoteWebDriverOptions$RemoteWindow.maximize(RemoteWebDriver.java:837)
at com.OrangeHRMApplication.BaseTest.setUp(BaseTest.java:31)
at java.base/java.util.concurrent.FutureTask.run(FutureTask.java:264)
at java.base/java.util.concurrent.ThreadPoolExecutor.runWorker(ThreadPoolExecutor.java:1128)
at java.base/java.util.concurrent.ThreadPoolExecutor$Worker.run(ThreadPoolExecutor.java:628)
at java.base/java.lang.Thread.run(Thread.java:834)
... Removed 19 stack frames]]>
    </failure>
  </testcase> <!-- @BeforeTest setUp -->
  <testcase classname="com.OrangeHRMApplication.BaseTest" name="@AfterTest tearDown" time="-1.707996947156E9">
    <skipped/>
  </testcase> <!-- @AfterTest tearDown -->
  <testcase classname="com.OrangeHRMApplication.AddEmployeeTest" name="logInPageTest" time="0.0">
    <skipped/>
  </testcase> <!-- logInPageTest -->
  <testcase classname="com.OrangeHRMApplication.AddEmployeeTest" name="logInTest" time="0.0">
    <skipped/>
  </testcase> <!-- logInTest -->
  <testcase classname="com.OrangeHRMApplication.AddEmployeeTest" name="homePageTest" time="0.0">
    <skipped/>
  </testcase> <!-- homePageTest -->
  <testcase classname="com.OrangeHRMApplication.AddEmployeeTest" name="pimTest" time="0.0">
    <skipped/>
  </testcase> <!-- pimTest -->
  <testcase classname="com.OrangeHRMApplication.AddEmployeeTest" name="pimAddEmployeeTest" time="0.0">
    <skipped/>
  </testcase> <!-- pimAddEmployeeTest -->
  <testcase classname="com.OrangeHRMApplication.AddEmployeeTest" name="AddEmployeeWebPageTest" time="0.0">
    <skipped/>
  </testcase> <!-- AddEmployeeWebPageTest -->
  <testcase classname="com.OrangeHRMApplication.AddEmployeeTest" name="AddEmployeeTest" time="0.0">
    <skipped/>
  </testcase> <!-- AddEmployeeTest -->
  <testcase classname="com.OrangeHRMApplication.AddEmployeeTest" name="AddEmployee_TestFileds" time="0.0">
    <skipped/>
  </testcase> <!-- AddEmployee_TestFileds -->
  <testcase classname="com.OrangeHRMApplication.AddEmployeeTest" name="personalDetailsWebPageTest" time="0.0">
    <skipped/>
  </testcase> <!-- personalDetailsWebPageTest -->
  <testcase classname="com.OrangeHRMApplication.AddEmployeeTest" name="personalDetailsTest" time="0.0">
    <skipped/>
  </testcase> <!-- personalDetailsTest -->
  <testcase classname="com.OrangeHRMApplication.AddEmployeeTest" name="Homepage_WelcomeAdmin" time="0.0">
    <skipped/>
  </testcase> <!-- Homepage_WelcomeAdmin -->
  <testcase classname="com.OrangeHRMApplication.AddEmployeeTest" name="logInPage" time="0.0">
    <skipped/>
  </testcase> <!-- logInPage -->
</testsuite> <!-- AddEmployeeTest -->
